{"logTime": "1028/025307", "correlationVector":"io0yBdvhIwYud1zcoRviQn.1","action":"SyncServerConnectionManagerRequest", "result":"SYNC_SERVER_OK", "context":{"environment":"Prod_brazilsouth_prod-s01-001-sam-brazilsouth", "migrationStage":"NotStarted", "server":"akswtt220000015"}}
{"logTime": "1028/025307", "correlationVector":"io0yBdvhIwYud1zcoRviQn.2","action":"ProcessGetUpdates", "result":"Done", "context":{"dataType":"Encryption Keys", "deleted":"0", "process_failed_to_decrypt":"0", "process_pending_decryption":"0", "process_success":"1", "total":"1"}}
{"logTime": "1028/025308", "correlationVector":"ggcixO3Azw38fBEkAQEOl0","action":"SyncServerConnectionManagerRequest", "result":"SYNC_SERVER_OK", "context":{"environment":"", "migrationStage":"", "server":""}}
{"logTime": "1028/025308", "correlationVector":"ggcixO3Azw38fBEkAQEOl0.0","action":"EncryptionKeysFetcher.DownloadKeys:", "result":"Success", "context":Key count: 10, Last key timestamp: 2025-09-18T03:17:27Z}
{"logTime": "1028/025308", "correlationVector":"ggcixO3Azw38fBEkAQEOl0.1","action":"EncryptionKeysManager::SetEncryptionKeys:", "result":"Success", "context":Key names[10]:[Q04puILP8hte084TW5tkXiW1XkLPLu6Guk8QOpGaQbfa07qCG+g/yCESjOGrtm+EPy+eR8eyxn1bYGoqj5Dt2Q==][y2oJTKIcw8bE/1J23Kx2xTOAh6eX1vlsy0eIIKqgUe7X05QIRTcBtv8rJlC6JMjyJSZCar17ECqLhtnKwVn+jg==][WCtB5hDNToctgwtNxmT10oDV34WjLJEYQTm+t3rPuBf5Pxybg2d6r687iFH0ymNFwnSOjchk+RUdZucp+9gn8g==][QoD7srY8ZmTa0DQhXrhzE55PemLfunN+SKGmjRj9sXORyVxrZBiTCX7MzsK1GMaQ9k0aGP3pCirvlXvKm46wMg==][nv+sacBknQqqBneYrv+a3d7crUBiiCEQFoL97qr/B/Lwh3aoDKiOa0KUgcewgWuhvjzsZ/bsh8r5KNb9E+gQeQ==][jk0KpaNJjHDIITwkvORbvWgjY5BPElt5AH2/4KDvMcmS7n7tIvJZVOCdMn95JBe2dr5xEpCD5AHTRMaKDybNNw==][w5wGoJY7ro5akVgGlfE7F0tz+JaFh+dRWNgJWwLykuaFxlCUAhxM9E1AfSYxoFns5esDW5Kvj2GCiJxXr1r/XQ==][2hygVXAZcVa6vn65ry9BbCVbaTeD22fUHzUr6s/gHUvCKg2JlOp2mGN7CTLIDUeJsK5INVGt1NmJI4m13isP8g==][SQKwZYipScuq5FsQBTUjwyLWQaZDrRTFawyRkQ5FhV7s03br+SN9npGXwjrmQ0Yt5OkPHUVca8QbnZQx0M67fw==][MolvjpALDjdPruk74V/AmiDRilbdoCD+4dUYZYCqZjRkV/3YO5DMOnK36g1TT8/y7U3ZJRfNjkJnTQ9QNDMUzw==]}
{"logTime": "1028/025308", "correlationVector":"ggcixO3Azw38fBEkAQEOl0.2","action":"EncryptionKeysManager::SetEncryptionKeysWithTimestamps:", "result":"Success", "context":Key timestamps[10]:[2021-07-23T23:20:03Z][2022-01-23T21:32:17Z][2022-07-23T02:03:44Z][2023-01-24T17:02:49Z][2023-02-20T21:01:36Z][2023-09-26T15:15:22Z][2024-04-21T18:53:55Z][2025-04-05T15:53:45Z][2025-08-07T22:08:27Z][2025-09-18T03:17:27Z]}
{"logTime": "1028/025308", "correlationVector":"io0yBdvhIwYud1zcoRviQn","action":"Initial GetUpdates", "result":"", "context":Reason: NEW_CLIENT. cV=io0yBdvhIwYud1zcoRviQn}
{"logTime": "1028/025308", "correlationVector":"io0yBdvhIwYud1zcoRviQn.3","action":"GetUpdates Response", "result":"Success", "context":Received 1 update(s). cV=io0yBdvhIwYud1zcoRviQn.0;server=akswtt220000015;cloudType=Consumer;environment=Prod_brazilsouth_prod-s01-001-sam-brazilsouth;migrationStage=NotStarted}
{"logTime": "1028/025308", "correlationVector":"HulZxsI/CePUl7YEywMdCd","action":"Initial GetUpdates", "result":"", "context":Reason: NEWLY_SUPPORTED_DATATYPE. cV=HulZxsI/CePUl7YEywMdCd}
{"logTime": "1028/025308", "correlationVector":"HulZxsI/CePUl7YEywMdCd.1","action":"SyncServerConnectionManagerRequest", "result":"SYNC_SERVER_OK", "context":{"environment":"Prod_brazilsouth_prod-s01-001-sam-brazilsouth", "migrationStage":"NotStarted", "server":"akswtt220000009"}}
{"logTime": "1028/025308", "correlationVector":"HulZxsI/CePUl7YEywMdCd.2","action":"ProcessGetUpdates", "result":"Done", "context":{"dataType":"Preferences", "deleted":"0", "process_failed_to_decrypt":"0", "process_pending_decryption":"0", "process_success":"61", "total":"61"}}
{"logTime": "1028/025308", "correlationVector":"HulZxsI/CePUl7YEywMdCd.3","action":"ProcessGetUpdates", "result":"Done", "context":{"dataType":"Passwords", "deleted":"0", "process_failed_to_decrypt":"0", "process_pending_decryption":"0", "process_success":"3", "total":"3"}}
{"logTime": "1028/025308", "correlationVector":"HulZxsI/CePUl7YEywMdCd.4","action":"ProcessGetUpdates", "result":"Done", "context":{"dataType":"Device Info", "deleted":"0", "process_failed_to_decrypt":"0", "process_pending_decryption":"0", "process_success":"11", "total":"11"}}
{"logTime": "1028/025308", "correlationVector":"HulZxsI/CePUl7YEywMdCd.5","action":"GetUpdates Response", "result":"Success", "context":Received 75 update(s). cV=HulZxsI/CePUl7YEywMdCd.0;server=akswtt220000009;cloudType=Consumer;environment=Prod_brazilsouth_prod-s01-001-sam-brazilsouth;migrationStage=NotStarted}
{"logTime": "1028/025309", "correlationVector":"ZWruj9lBhnXSMv7k5m2II9","action":"Initial GetUpdates", "result":"", "context":Reason: NEWLY_SUPPORTED_DATATYPE. cV=ZWruj9lBhnXSMv7k5m2II9}
{"logTime": "1028/025309", "correlationVector":"ZWruj9lBhnXSMv7k5m2II9.1","action":"SyncServerConnectionManagerRequest", "result":"SYNC_SERVER_OK", "context":{"environment":"Prod_brazilsouth_prod-s01-001-sam-brazilsouth", "migrationStage":"NotStarted", "server":"akswtt22000000x"}}
{"logTime": "1028/025309", "correlationVector":"ZWruj9lBhnXSMv7k5m2II9.2","action":"ProcessGetUpdates", "result":"Done", "context":{"dataType":"Bookmarks", "deleted":"0", "process_failed_to_decrypt":"0", "process_pending_decryption":"0", "process_success":"6", "total":"6"}}
{"logTime": "1028/025309", "correlationVector":"ZWruj9lBhnXSMv7k5m2II9.3","action":"GetUpdates Response", "result":"Success", "context":Received 6 update(s). cV=ZWruj9lBhnXSMv7k5m2II9.0;server=akswtt22000000x;cloudType=Consumer;environment=Prod_brazilsouth_prod-s01-001-sam-brazilsouth;migrationStage=NotStarted}
{"logTime": "1028/025309", "correlationVector":"0J0KHyipI2MVkR99wb+Met","action":"Initial GetUpdates", "result":"", "context":Reason: NEWLY_SUPPORTED_DATATYPE. cV=0J0KHyipI2MVkR99wb+Met}
{"logTime": "1028/025309", "correlationVector":"0J0KHyipI2MVkR99wb+Met.1","action":"SyncServerConnectionManagerRequest", "result":"SYNC_SERVER_OK", "context":{"environment":"Prod_brazilsouth_prod-s01-001-sam-brazilsouth", "migrationStage":"NotStarted", "server":"akswtt22000000w"}}
{"logTime": "1028/025309", "correlationVector":"0J0KHyipI2MVkR99wb+Met.2","action":"ProcessGetUpdates", "result":"Done", "context":{"dataType":"Autofill", "deleted":"0", "process_failed_to_decrypt":"0", "process_pending_decryption":"0", "process_success":"1", "total":"1"}}
{"logTime": "1028/025309", "correlationVector":"0J0KHyipI2MVkR99wb+Met.3","action":"ProcessGetUpdates", "result":"Done", "context":{"dataType":"Sessions", "deleted":"1", "process_failed_to_decrypt":"0", "process_pending_decryption":"0", "process_success":"8", "total":"8"}}
{"logTime": "1028/025309", "correlationVector":"0J0KHyipI2MVkR99wb+Met.4","action":"GetUpdates Response", "result":"Success", "context":Received 9 update(s). cV=0J0KHyipI2MVkR99wb+Met.0;server=akswtt22000000w;cloudType=Consumer;environment=Prod_brazilsouth_prod-s01-001-sam-brazilsouth;migrationStage=NotStarted}
{"logTime": "1028/025309", "correlationVector":"SXg7G6z06CI9kUqJnjHRNr","action":"Initial GetUpdates", "result":"", "context":Reason: NEWLY_SUPPORTED_DATATYPE. cV=SXg7G6z06CI9kUqJnjHRNr}
{"logTime": "1028/025310", "correlationVector":"SXg7G6z06CI9kUqJnjHRNr.1","action":"SyncServerConnectionManagerRequest", "result":"SYNC_SERVER_OK", "context":{"environment":"Prod_brazilsouth_prod-s01-001-sam-brazilsouth", "migrationStage":"NotStarted", "server":"akswtt22000000n"}}
{"logTime": "1028/025310", "correlationVector":"SXg7G6z06CI9kUqJnjHRNr.2","action":"ProcessGetUpdates", "result":"Done", "context":{"dataType":"History", "deleted":"0", "process_failed_to_decrypt":"0", "process_pending_decryption":"0", "process_success":"42", "total":"42"}}
{"logTime": "1028/025310", "correlationVector":"SXg7G6z06CI9kUqJnjHRNr.3","action":"GetUpdates Response", "result":"Success", "context":Received 42 update(s). cV=SXg7G6z06CI9kUqJnjHRNr.0;server=akswtt22000000n;cloudType=Consumer;environment=Prod_brazilsouth_prod-s01-001-sam-brazilsouth;migrationStage=NotStarted}
{"logTime": "1028/025310", "correlationVector":"hB4vD8oh9W7VMS7/7S12zW","action":"Normal GetUpdate request", "result":"", "context":cV=hB4vD8oh9W7VMS7/7S12zW
Nudged types: Sessions, Device Info, User Consents
Refresh requested types: Bookmarks, Preferences, Passwords, Autofill Profiles, Autofill, Extensions, Sessions, Extension settings, History Delete Directives, Device Info, User Consents, Send Tab To Self, Web Apps, History, Saved Tab Group, WebAuthn Credentials, Collection, Edge E Drop, Edge Hub App Usage, Edge Wallet, Encryption Keys}
{"logTime": "1028/025310", "correlationVector":"hB4vD8oh9W7VMS7/7S12zW.1","action":"SyncServerConnectionManagerRequest", "result":"SYNC_SERVER_OK", "context":{"environment":"Prod_brazilsouth_prod-s01-001-sam-brazilsouth", "migrationStage":"NotStarted", "server":"akswtt22000000q"}}
{"logTime": "1028/025310", "correlationVector":"hB4vD8oh9W7VMS7/7S12zW.2","action":"GetUpdates Response", "result":"Success", "context":Received 0 update(s). cV=hB4vD8oh9W7VMS7/7S12zW.0;server=akswtt22000000q;cloudType=Consumer;environment=Prod_brazilsouth_prod-s01-001-sam-brazilsouth;migrationStage=NotStarted}
{"logTime": "1028/025310", "correlationVector":"ss+1eBoECnWkt/A3pCnZsx","action":"DoCompareDataConsistency requsted types: ", "result":"Bookmarks, Preferences, Passwords, Extensions, Extension settings, History Delete Directives, Send Tab To Self, Web Apps, History, Saved Tab Group, WebAuthn Credentials, Collection, Edge E Drop, Edge Wallet, Encryption Keys"}
{"logTime": "1028/025310", "correlationVector":"ss+1eBoECnWkt/A3pCnZsx.0","action":"CompareDataConsistency result: ", "result":"Compare result: Encryption Keys is consistent. local entities count is: 1 local entities hash is: yveAYQk9wjmBH8nf2dhN8bYtVmM="}
{"logTime": "1028/025310", "correlationVector":"ss+1eBoECnWkt/A3pCnZsx.1","action":"CompareDataConsistency result: ", "result":"Compare result: Bookmarks is consistent. local entities count is: 0 local entities hash is: "}
{"logTime": "1028/025310", "correlationVector":"ss+1eBoECnWkt/A3pCnZsx.2","action":"CompareDataConsistency result: ", "result":"Compare result: Preferences is consistent. local entities count is: 61 local entities hash is: xEqBErqxS9Hw6Hsteu6hro3Icwo="}
{"logTime": "1028/025310", "correlationVector":"ss+1eBoECnWkt/A3pCnZsx.3","action":"CompareDataConsistency result: ", "result":"Compare result: Extensions is consistent. local entities count is: 0 local entities hash is: "}
{"logTime": "1028/025310", "correlationVector":"ss+1eBoECnWkt/A3pCnZsx.4","action":"CompareDataConsistency result: ", "result":"Compare result: Extension settings is consistent. local entities count is: 0 local entities hash is: "}
{"logTime": "1028/025310", "correlationVector":"ss+1eBoECnWkt/A3pCnZsx.5","action":"CompareDataConsistency result: ", "result":"Compare result: History Delete Directives is consistent. local entities count is: 0 local entities hash is: "}
{"logTime": "1028/025310", "correlationVector":"ss+1eBoECnWkt/A3pCnZsx.6","action":"CompareDataConsistency result: ", "result":"Server did not send this Send Tab To Self local entities count is: 0 local entities hash is: "}
{"logTime": "1028/025310", "correlationVector":"ss+1eBoECnWkt/A3pCnZsx.7","action":"CompareDataConsistency result: ", "result":"Compare result: Web Apps is consistent. local entities count is: 0 local entities hash is: "}
{"logTime": "1028/025310", "correlationVector":"ss+1eBoECnWkt/A3pCnZsx.8","action":"CompareDataConsistency result: ", "result":"Server did not send this History local entities count is: 0 local entities hash is: "}
{"logTime": "1028/025310", "correlationVector":"ss+1eBoECnWkt/A3pCnZsx.9","action":"CompareDataConsistency result: ", "result":"Compare result: Saved Tab Group is consistent. local entities count is: 0 local entities hash is: "}
{"logTime": "1028/025310", "correlationVector":"ss+1eBoECnWkt/A3pCnZsx.10","action":"CompareDataConsistency result: ", "result":"Server did not send this WebAuthn Credentials local entities count is: 0 local entities hash is: "}
{"logTime": "1028/025310", "correlationVector":"ss+1eBoECnWkt/A3pCnZsx.11","action":"CompareDataConsistency result: ", "result":"Compare result: Collection is consistent. local entities count is: 0 local entities hash is: "}
{"logTime": "1028/025310", "correlationVector":"ss+1eBoECnWkt/A3pCnZsx.12","action":"CompareDataConsistency result: ", "result":"Compare result: Edge E Drop is consistent. local entities count is: 0 local entities hash is: "}
{"logTime": "1028/025310", "correlationVector":"ss+1eBoECnWkt/A3pCnZsx.13","action":"CompareDataConsistency result: ", "result":"Compare result: Edge Wallet is consistent. local entities count is: 0 local entities hash is: "}
{"logTime": "1028/025310", "correlationVector":"ss+1eBoECnWkt/A3pCnZsx.14","action":"CompareDataConsistency result: ", "result":"Compare result: Passwords is consistent. local entities count is: 3 local entities hash is: jgNfcHnXTpGI40Zdv80TjHi3GO4="}
{"logTime": "1028/025311", "correlationVector":"DSUZJuBd1VpSODGrzu4XPj","action":"Commit Request", "result":"", "context":Item count: 4
Contributing types: Sessions, Device Info, User Consents}
{"logTime": "1028/025312", "correlationVector":"DSUZJuBd1VpSODGrzu4XPj.1","action":"SyncServerConnectionManagerRequest", "result":"SYNC_SERVER_OK", "context":{"environment":"Prod_brazilsouth_prod-s01-001-sam-brazilsouth", "migrationStage":"NotStarted", "server":"akswtt22000000m"}}
{"logTime": "1028/025312", "correlationVector":"DSUZJuBd1VpSODGrzu4XPj.2","action":"Commit Response", "result":"Success", "context":Result: Success. cV=DSUZJuBd1VpSODGrzu4XPj.0;server=akswtt22000000m;cloudType=Consumer;environment=Prod_brazilsouth_prod-s01-001-sam-brazilsouth;migrationStage=NotStarted}
{"logTime": "1028/025312", "correlationVector":"","action":"DIAGNOSTIC_REQUEST|v1/diagnosticData/Diagnostic.SendCheckResult()|SUCCESS", "result":""}
{"logTime": "1028/025316", "correlationVector":"9xysu4UaiCwU0hd6qazChN","action":"Commit Request", "result":"", "context":Item count: 3
Contributing types: Sessions, User Consents, History}
{"logTime": "1028/025318", "correlationVector":"9xysu4UaiCwU0hd6qazChN.1","action":"SyncServerConnectionManagerRequest", "result":"SYNC_SERVER_OK", "context":{"environment":"Prod_brazilsouth_prod-s01-001-sam-brazilsouth", "migrationStage":"NotStarted", "server":"akswtt22000000n"}}
{"logTime": "1028/025318", "correlationVector":"9xysu4UaiCwU0hd6qazChN.2","action":"Commit Response", "result":"Success", "context":Result: Success. cV=9xysu4UaiCwU0hd6qazChN.0;server=akswtt22000000n;cloudType=Consumer;environment=Prod_brazilsouth_prod-s01-001-sam-brazilsouth;migrationStage=NotStarted}
{"logTime": "1028/025332", "correlationVector":"bnHZyuXE43ekZyhtoKSQZi","action":"Commit Request", "result":"", "context":Item count: 4
Contributing types: Preferences, Sessions, History}
{"logTime": "1028/025334", "correlationVector":"bnHZyuXE43ekZyhtoKSQZi.1","action":"SyncServerConnectionManagerRequest", "result":"SYNC_SERVER_OK", "context":{"environment":"Prod_brazilsouth_prod-s01-001-sam-brazilsouth", "migrationStage":"NotStarted", "server":"akswtt220000007"}}
{"logTime": "1028/025334", "correlationVector":"bnHZyuXE43ekZyhtoKSQZi.2","action":"Commit Response", "result":"Success", "context":Result: Success. cV=bnHZyuXE43ekZyhtoKSQZi.0;server=akswtt220000007;cloudType=Consumer;environment=Prod_brazilsouth_prod-s01-001-sam-brazilsouth;migrationStage=NotStarted}
{"logTime": "1028/025401", "correlationVector":"Qics4MKwS4xUM4A4iNn1rI","action":"Commit Request", "result":"", "context":Item count: 7
Contributing types: Passwords, Sessions, History}
{"logTime": "1028/025402", "correlationVector":"Qics4MKwS4xUM4A4iNn1rI.1","action":"SyncServerConnectionManagerRequest", "result":"SYNC_SERVER_OK", "context":{"environment":"Prod_brazilsouth_prod-s01-001-sam-brazilsouth", "migrationStage":"NotStarted", "server":"akswtt22000000t"}}
{"logTime": "1028/025402", "correlationVector":"Qics4MKwS4xUM4A4iNn1rI.2","action":"Commit Response", "result":"Success", "context":Result: Success. cV=Qics4MKwS4xUM4A4iNn1rI.0;server=akswtt22000000t;cloudType=Consumer;environment=Prod_brazilsouth_prod-s01-001-sam-brazilsouth;migrationStage=NotStarted}
